c:\users\hanna\desktop\studia\pk4\rtti\rtti\debug\vc142.pdb
c:\users\hanna\desktop\studia\pk4\rtti\rtti\debug\vc142.idb
c:\users\hanna\desktop\studia\pk4\rtti\rtti\debug\rtti.obj
c:\users\hanna\desktop\programowanie\hpwtorek1330\rtti\rtti\debug\vc142.pdb
c:\users\hanna\desktop\programowanie\hpwtorek1330\rtti\rtti\debug\vc142.idb
c:\users\hanna\desktop\programowanie\hpwtorek1330\rtti\rtti\debug\rtti.obj
c:\users\hanna\desktop\github\hpwtorek1330\rtti\rtti\debug\vc142.pdb
c:\users\hanna\desktop\github\hpwtorek1330\rtti\rtti\debug\vc142.idb
c:\users\hanna\desktop\github\hpwtorek1330\rtti\rtti\debug\rtti.obj
c:\users\hanna\desktop\studia\pk4\rtti\debug\rtti.exe
c:\users\hanna\desktop\studia\pk4\rtti\debug\rtti.ilk
c:\users\hanna\desktop\studia\pk4\rtti\debug\rtti.pdb
c:\users\hanna\desktop\programowanie\hpwtorek1330\rtti\debug\rtti.exe
c:\users\hanna\desktop\programowanie\hpwtorek1330\rtti\debug\rtti.ilk
c:\users\hanna\desktop\programowanie\hpwtorek1330\rtti\debug\rtti.pdb
c:\users\hanna\desktop\github\hpwtorek1330\rtti\debug\rtti.exe
c:\users\hanna\desktop\github\hpwtorek1330\rtti\debug\rtti.ilk
c:\users\hanna\desktop\github\hpwtorek1330\rtti\debug\rtti.pdb
c:\users\hanna\desktop\github\hpwtorek1330\rtti\rtti\debug\rtti.ilk
c:\users\hanna\desktop\github\hpwtorek1330\rtti\rtti\debug\rtti.pdb
c:\users\hanna\desktop\github\hpwtorek1330\rtti\rtti\debug\rtti.tlog\cl.command.1.tlog
c:\users\hanna\desktop\github\hpwtorek1330\rtti\rtti\debug\rtti.tlog\cl.read.1.tlog
c:\users\hanna\desktop\github\hpwtorek1330\rtti\rtti\debug\rtti.tlog\cl.write.1.tlog
c:\users\hanna\desktop\github\hpwtorek1330\rtti\rtti\debug\rtti.tlog\link.command.1.tlog
c:\users\hanna\desktop\github\hpwtorek1330\rtti\rtti\debug\rtti.tlog\link.read.1.tlog
c:\users\hanna\desktop\github\hpwtorek1330\rtti\rtti\debug\rtti.tlog\link.write.1.tlog
